/*C10*/SET SCHEMA PUBLIC
INSERT INTO CHAT VALUES(108,'2023-07-15 15:48:01.547000','','hola ','juanse@gmail.com','email@gmail.com')
ALTER SEQUENCE PUBLIC.HIBERNATE_SEQUENCE RESTART WITH 109
COMMIT
/*C9*/SET SCHEMA PUBLIC
INSERT INTO CHAT VALUES(109,'2023-07-15 15:48:20.328000','','no','juanse@gmail.com','email@gmail.com')
ALTER SEQUENCE PUBLIC.HIBERNATE_SEQUENCE RESTART WITH 110
COMMIT
/*C10*/INSERT INTO CHAT VALUES(110,'2023-07-15 15:48:46.415000','','nonononnon','email@gmail.com','juanse@gmail.com')
ALTER SEQUENCE PUBLIC.HIBERNATE_SEQUENCE RESTART WITH 111
COMMIT
/*C8*/SET SCHEMA PUBLIC
INSERT INTO CHAT VALUES(111,'2023-07-15 15:48:50.862000','','nnononon','email@gmail.com','juanse@gmail.com')
ALTER SEQUENCE PUBLIC.HIBERNATE_SEQUENCE RESTART WITH 112
COMMIT
/*C10*/INSERT INTO CHAT VALUES(112,'2023-07-15 15:50:12.015000','','nononnononononon','juanse@gmail.com','email@gmail.com')
ALTER SEQUENCE PUBLIC.HIBERNATE_SEQUENCE RESTART WITH 113
COMMIT
INSERT INTO CHAT VALUES(113,'2023-07-15 15:51:56.712000','','uouo','juanse@gmail.com','email@gmail.com')
ALTER SEQUENCE PUBLIC.HIBERNATE_SEQUENCE RESTART WITH 114
COMMIT
/*C8*/INSERT INTO CHAT VALUES(114,'2023-07-15 15:52:36.894000','','y','juanse@gmail.com','email@gmail.com')
ALTER SEQUENCE PUBLIC.HIBERNATE_SEQUENCE RESTART WITH 115
COMMIT
INSERT INTO CHAT VALUES(115,'2023-07-15 15:57:48.465000','','nnononon','email@gmail.com','juanse@gmail.com')
ALTER SEQUENCE PUBLIC.HIBERNATE_SEQUENCE RESTART WITH 116
COMMIT
/*C10*/INSERT INTO CHAT VALUES(116,'2023-07-15 15:57:49.352000','','y','juanse@gmail.com','email@gmail.com')
ALTER SEQUENCE PUBLIC.HIBERNATE_SEQUENCE RESTART WITH 117
COMMIT
/*C9*/INSERT INTO CHAT VALUES(117,'2023-07-15 15:58:02.543000','','kdsfjkafhjksdf','juanse@gmail.com','email@gmail.com')
ALTER SEQUENCE PUBLIC.HIBERNATE_SEQUENCE RESTART WITH 118
COMMIT
/*C8*/INSERT INTO CHAT VALUES(118,'2023-07-15 15:58:08.543000','','dljdjfhsjfhsd','email@gmail.com','juanse@gmail.com')
ALTER SEQUENCE PUBLIC.HIBERNATE_SEQUENCE RESTART WITH 119
COMMIT
/*C9*/INSERT INTO CHAT VALUES(119,'2023-07-15 15:58:12.437000','','sdlfsldfhsjdhfkjdsf','juanse@gmail.com','email@gmail.com')
ALTER SEQUENCE PUBLIC.HIBERNATE_SEQUENCE RESTART WITH 120
COMMIT
/*C8*/INSERT INTO CHAT VALUES(120,'2023-07-15 15:58:16.250000','','fsjdnfldsnfjsdnf','email@gmail.com','juanse@gmail.com')
ALTER SEQUENCE PUBLIC.HIBERNATE_SEQUENCE RESTART WITH 121
COMMIT
/*C9*/INSERT INTO CHAT VALUES(121,'2023-07-15 15:58:19.879000','','jksdfnjsdnfjksdn','juanse@gmail.com','email@gmail.com')
ALTER SEQUENCE PUBLIC.HIBERNATE_SEQUENCE RESTART WITH 122
COMMIT
/*C8*/INSERT INTO CHAT VALUES(122,'2023-07-15 15:58:33.210000','','Hola ','email@gmail.com','juanse@gmail.com')
ALTER SEQUENCE PUBLIC.HIBERNATE_SEQUENCE RESTART WITH 123
COMMIT
/*C9*/INSERT INTO CHAT VALUES(123,'2023-07-15 15:58:53.536000','','Soy Pancho ','juanse@gmail.com','email@gmail.com')
ALTER SEQUENCE PUBLIC.HIBERNATE_SEQUENCE RESTART WITH 124
COMMIT
/*C8*/INSERT INTO CHAT VALUES(124,'2023-07-15 15:59:04.523000','','Soy Juanse','email@gmail.com','juanse@gmail.com')
ALTER SEQUENCE PUBLIC.HIBERNATE_SEQUENCE RESTART WITH 125
COMMIT
/*C9*/INSERT INTO CHAT VALUES(125,'2023-07-15 16:00:45.327000','','Soy Pancho ','juanse@gmail.com','email@gmail.com')
ALTER SEQUENCE PUBLIC.HIBERNATE_SEQUENCE RESTART WITH 126
COMMIT
INSERT INTO CHAT VALUES(126,'2023-07-15 16:01:00.601000','','Y ahora ','email@gmail.com','juanse@gmail.com')
ALTER SEQUENCE PUBLIC.HIBERNATE_SEQUENCE RESTART WITH 127
COMMIT
INSERT INTO CHAT VALUES(127,'2023-07-15 16:01:10.588000','','Ahora si ? ','juanse@gmail.com','email@gmail.com')
ALTER SEQUENCE PUBLIC.HIBERNATE_SEQUENCE RESTART WITH 128
COMMIT
/*C10*/INSERT INTO CHAT VALUES(128,'2023-07-15 16:02:14.978000','','sdfhsjdfhksd','juanse@gmail.com','email@gmail.com')
ALTER SEQUENCE PUBLIC.HIBERNATE_SEQUENCE RESTART WITH 129
COMMIT
/*C8*/INSERT INTO CHAT VALUES(129,'2023-07-15 16:02:56.311000','','Y ahora ','email@gmail.com','juanse@gmail.com')
ALTER SEQUENCE PUBLIC.HIBERNATE_SEQUENCE RESTART WITH 130
COMMIT
/*C10*/INSERT INTO CHAT VALUES(130,'2023-07-15 16:03:26.804000','','Si ','juanse@gmail.com','email@gmail.com')
ALTER SEQUENCE PUBLIC.HIBERNATE_SEQUENCE RESTART WITH 131
COMMIT
INSERT INTO CHAT VALUES(131,'2023-07-15 16:03:42.879000','','Si que ?','email@gmail.com','juanse@gmail.com')
ALTER SEQUENCE PUBLIC.HIBERNATE_SEQUENCE RESTART WITH 132
COMMIT
/*C8*/DELETE FROM TODOLIST WHERE ID=652
COMMIT
